<?xml version="1.0" encoding="UTF-8"?>
<!-- Generated by org.testng.reporters.JUnitXMLReporter -->
<testsuite ignored="1" hostname="Navneeth" failures="0" tests="1" name="Default test" time="47.025" errors="0" timestamp="31 Dec 2021 12:49:59 GMT">
  <testcase classname="docters.ValidatingThePopularCityOptions" name="verifyingTheResultsOfCitysButton" time="22.206"/>
  <testcase classname="docters.ValidatingThePopularCityOptions" name="chekingTheFunctionalityOfCityButtons" time="0.0">
    <ignored/>
  </testcase> <!-- chekingTheFunctionalityOfCityButtons -->
</testsuite> <!-- Default test -->
