<?xml version="1.0" encoding="UTF-8"?>
<!-- Generated by org.testng.reporters.JUnitXMLReporter -->
<testsuite ignored="1" hostname="Navneeth" failures="0" tests="1" name="Default test" time="34.558" errors="0" timestamp="27 Dec 2021 06:02:16 GMT">
  <testcase classname="pharmacy.ValidatingTheHalfPriceStoreFunctionality" name="checkingTheFunctionalityOfNextSymbol" time="3.999"/>
  <testcase classname="pharmacy.ValidatingTheHalfPriceStoreFunctionality" name="addToCartByProductName" time="0.0">
    <ignored/>
  </testcase> <!-- addToCartByProductName -->
</testsuite> <!-- Default test -->
