<?xml version="1.0" encoding="UTF-8"?>
<testng-results ignored="1" total="2" passed="1" failed="0" skipped="0">
  <reporter-output>
  </reporter-output>
  <suite started-at="2021-12-31T12:49:12Z" name="Default suite" finished-at="2021-12-31T12:49:59Z" duration-ms="47025">
    <groups>
    </groups>
    <test started-at="2021-12-31T12:49:12Z" name="Default test" finished-at="2021-12-31T12:49:59Z" duration-ms="47025">
      <class name="docters.ValidatingThePopularCityOptions">
        <test-method is-config="true" signature="classSetup()[pri:0, instance:docters.ValidatingThePopularCityOptions@350ec41e]" started-at="2021-12-31T12:49:12Z" name="classSetup" finished-at="2021-12-31T12:49:25Z" duration-ms="12523" status="PASS">
          <reporter-output>
          </reporter-output>
        </test-method> <!-- classSetup -->
        <test-method is-config="true" signature="methodSetup()[pri:0, instance:docters.ValidatingThePopularCityOptions@350ec41e]" started-at="2021-12-31T12:49:25Z" name="methodSetup" finished-at="2021-12-31T12:49:36Z" duration-ms="10711" status="PASS">
          <reporter-output>
          </reporter-output>
        </test-method> <!-- methodSetup -->
        <test-method signature="verifyingTheResultsOfCitysButton()[pri:0, instance:docters.ValidatingThePopularCityOptions@350ec41e]" started-at="2021-12-31T12:49:36Z" name="verifyingTheResultsOfCitysButton" finished-at="2021-12-31T12:49:58Z" duration-ms="22206" status="PASS">
          <reporter-output>
          </reporter-output>
        </test-method> <!-- verifyingTheResultsOfCitysButton -->
        <test-method is-config="true" signature="closingClass()[pri:0, instance:docters.ValidatingThePopularCityOptions@350ec41e]" started-at="2021-12-31T12:49:58Z" name="closingClass" finished-at="2021-12-31T12:49:59Z" duration-ms="1529" status="PASS">
          <reporter-output>
          </reporter-output>
        </test-method> <!-- closingClass -->
      </class> <!-- docters.ValidatingThePopularCityOptions -->
    </test> <!-- Default test -->
  </suite> <!-- Default suite -->
</testng-results>
